+ directory-metadata
+ whoami
saulius
+ hostname -f
starta
+ pwd
/home/saulius/tests/ada/types
+ svn info
Path: .
Working Copy Root Path: /home/saulius/tests
URL: svn+ssh://saulius.grazulis.lt/home/saulius/svn-repositories/tests/ada/types
Relative URL: ^/ada/types
Repository Root: svn+ssh://saulius.grazulis.lt/home/saulius/svn-repositories/tests
Repository UUID: 7d3c22fc-10a8-428c-9238-cefecdfad580
Revision: 2055
Node Kind: directory
Schedule: normal
Last Changed Author: saulius
Last Changed Rev: 2055
Last Changed Date: 2023-02-05 09:25:59 +0200 (Sun, 05 Feb 2023)

+ df -h .
Filesystem      Size  Used Avail Use% Mounted on
/dev/nvme1n1p1  938G  748G  143G  84% /home
+ type osname
osname is /home/saulius/scripts/osname
+ osname
Linuxmint-20.1
+ uname -a
Linux starta 5.8.0-45-generic #51~20.04.1-Ubuntu SMP Tue Feb 23 13:46:31 UTC 2021 x86_64 x86_64 x86_64 GNU/Linux
+ date
2023-02-05T09:44:16 EET
+ gnatmake varying_array
gcc -c varying_array.adb
+===========================GNAT BUG DETECTED==============================+
| 12.0.0 20220107 (experimental) (x86_64-pc-linux-gnu) GCC error:          |
| in gnat_to_gnu_entity, at ada/gcc-interface/decl.c:472                   |
| Error detected at varying_array.adb:56:37                                |
| Compiling varying_array.adb                                              |
| Please submit a bug report; see https://gcc.gnu.org/bugs/ .              |
| Use a subject line meaningful to you and us to track the bug.            |
| Include the entire contents of this bug box in the report.               |
| Include the exact command that you entered.                              |
| Also include sources listed below.                                       |
+==========================================================================+

Please include these source files with error report
Note that list may not be accurate in some cases,
so please double check that the problem can still
be reproduced with the set of files listed.
Consider also -gnatd.n switch (see debug.adb).

varying_array.adb

compilation abandoned
gnatmake: "varying_array.adb" compilation error
