+ directory-metadata
+ whoami
saulius
+ hostname -f
kukutis
+ pwd
/home/saulius/tests/ada/integer-matrices
+ svn info
Path: .
Working Copy Root Path: /home/saulius/tests
URL: svn+ssh://saulius-grazulis.lt/home/saulius/svn-repositories/tests/ada/integer-matrices
Relative URL: ^/ada/integer-matrices
Repository Root: svn+ssh://saulius-grazulis.lt/home/saulius/svn-repositories/tests
Repository UUID: 7d3c22fc-10a8-428c-9238-cefecdfad580
Revision: 2238
Node Kind: directory
Schedule: normal
Last Changed Author: saulius
Last Changed Rev: 2238
Last Changed Date: 2023-07-24 22:56:45 +0300 (Mon, 24 Jul 2023)

+ df -h .
Filesystem                  Size  Used Avail Use% Mounted on
/dev/mapper/linux--vg-home  3,5T  3,0T  385G  89% /home
+ type osname
osname is /home/saulius/scripts/osname
+ osname
Ubuntu-20.04
+ uname -a
Linux kukutis 5.4.0-153-generic #170-Ubuntu SMP Fri Jun 16 13:43:31 UTC 2023 x86_64 x86_64 x86_64 GNU/Linux
+ date
2023-07-24T22:57:43 EEST
+ ./bin/list_4x4_tu_matrices
+ date
2023-07-25T00:09:35 EEST
