Summary of SPARK analysis
=========================

-------------------------------------------------------------------------------------------
SPARK Analysis results        Total       Flow   CodePeer    Provers   Justified   Unproved
-------------------------------------------------------------------------------------------
Data Dependencies                 .          .          .          .           .          .
Flow Dependencies                 .          .          .          .           .          .
Initialization                    2          2          .          .           .          .
Non-Aliasing                      .          .          .          .           .          .
Run-time Checks                   .          .          .          .           .          .
Assertions                        .          .          .          .           .          .
Functional Contracts              1          .          .    1 (Coq)           .          .
LSP Verification                  .          .          .          .           .          .
Termination                       .          .          .          .           .          .
Concurrency                       .          .          .          .           .          .
-------------------------------------------------------------------------------------------
Total                             3    2 (67%)          .    1 (33%)           .          .


max steps used for successful proof: 1

Analyzed 1 unit
in unit nonlinear, 1 subprograms and packages out of 1 analyzed
  Nonlinear at nonlinear.adb:1 flow analyzed (0 errors, 0 checks, 0 warnings and 0 pragma Assume statements) and proved (1 checks)
