+ directory-metadata
+ whoami
saulius
+ hostname -f
tasmanijos-velnias
+ pwd
/home/saulius/tests/ada/integer-matrices
+ svn info
Path: .
Working Copy Root Path: /home/saulius/tests
URL: svn+ssh://saulius-grazulis.lt/home/saulius/svn-repositories/tests/ada/integer-matrices
Relative URL: ^/ada/integer-matrices
Repository Root: svn+ssh://saulius-grazulis.lt/home/saulius/svn-repositories/tests
Repository UUID: 7d3c22fc-10a8-428c-9238-cefecdfad580
Revision: 2251
Node Kind: directory
Schedule: normal
Last Changed Author: saulius
Last Changed Rev: 2251
Last Changed Date: 2023-07-26 12:00:26 +0300 (Wed, 26 Jul 2023)

+ df -h .
Filesystem                  Size  Used Avail Use% Mounted on
/dev/mapper/linux--vg-home  3,5T  2,8T  522G  85% /home
+ type osname
osname is /home/saulius/scripts/osname
+ osname
Linuxmint-20.1
+ uname -a
Linux tasmanijos-velnias 5.4.0-139-generic #156-Ubuntu SMP Fri Jan 20 17:27:18 UTC 2023 x86_64 x86_64 x86_64 GNU/Linux
+ date
2023-07-26T12:05:06 EEST
+ awk '$1 == 25 && $2 < 50' analysis/by-hand/2023-07-26/norms.dat
+ awk '-F\t' '{print $NF, "\n"}'
+ ./bin/imatpowers 200 /dev/stdin
+ ./bin/ifronorm /dev/stdin
+ awk '-F\t' '/^ *$/ {print} !/^ *$/ {print $NF}'
+ awk 'BEGIN {n = 1} /^ *$/ {n = 1; print} !/^ *$/ {print n, $0; n++}'
